<?xml version="1.0" encoding="UTF-8"?>
<!-- Generated by org.testng.reporters.JUnitReportReporter -->
<testsuite skipped="1" hostname="LAPTOP-UK7PKGHG" name="testngAnnotation.TestNGSkip" tests="3" failures="0" timestamp="06 Jun 2020 07:14:36 GMT" time="0.016" errors="0">
  <testcase name="one" time="0.014" classname="testngAnnotation.TestNGSkip"/>
  <testcase name="two" time="0.002" classname="testngAnnotation.TestNGSkip"/>
  <testcase name="three" classname="testngAnnotation.TestNGSkip">
    <skipped/>
  </testcase> <!-- three -->
</testsuite> <!-- testngAnnotation.TestNGSkip -->
