<?xml version="1.0" encoding="UTF-8"?>
<!-- Generated by org.testng.reporters.JUnitReportReporter -->
<testsuite skipped="0" hostname="LAPTOP-UK7PKGHG" name="testNGOne.FirstTestNG6" tests="3" failures="0" timestamp="06 Jun 2020 05:50:13 GMT" time="0.015" errors="0">
  <testcase name="A" time="0.012" classname="testNGOne.FirstTestNG6"/>
  <testcase name="C" time="0.002" classname="testNGOne.FirstTestNG6"/>
  <testcase name="B" time="0.001" classname="testNGOne.FirstTestNG6"/>
</testsuite> <!-- testNGOne.FirstTestNG6 -->
