<?xml version="1.0" encoding="UTF-8"?>
<!-- Generated by org.testng.reporters.JUnitReportReporter -->
<testsuite skipped="0" hostname="LAPTOP-UK7PKGHG" name="testNGPara.Addition" tests="1" failures="0" timestamp="07 Jun 2020 05:29:51 GMT" time="0.021" errors="0">
  <testcase name="add" time="0.021" classname="testNGPara.Addition"/>
</testsuite> <!-- testNGPara.Addition -->
