<?xml version="1.0" encoding="UTF-8"?>
<!-- Generated by org.testng.reporters.JUnitReportReporter -->
<testsuite skipped="0" hostname="LAPTOP-UK7PKGHG" name="testNGOne.FirstTestNG5" tests="3" failures="0" timestamp="06 Jun 2020 05:46:29 GMT" time="0.020" errors="0">
  <testcase name="tc_verifylogin" time="0.013" classname="testNGOne.FirstTestNG5"/>
  <testcase name="tc_checktitile" time="0.004" classname="testNGOne.FirstTestNG5"/>
  <testcase name="tc_recharemob" time="0.003" classname="testNGOne.FirstTestNG5"/>
</testsuite> <!-- testNGOne.FirstTestNG5 -->
