<?xml version="1.0" encoding="UTF-8"?>
<!-- Generated by org.testng.reporters.JUnitReportReporter -->
<testsuite skipped="0" hostname="LAPTOP-UK7PKGHG" name="testngMul.FirstTestNG3" tests="4" failures="0" timestamp="06 Jun 2020 07:33:47 GMT" time="0.025" errors="0">
  <testcase name="afirst" time="0.017" classname="testngMul.FirstTestNG3"/>
  <testcase name="two" time="0.003" classname="testngMul.FirstTestNG3"/>
  <testcase name="one" time="0.003" classname="testngMul.FirstTestNG3"/>
  <testcase name="first" time="0.002" classname="testngMul.FirstTestNG3"/>
</testsuite> <!-- testngMul.FirstTestNG3 -->
