<?xml version="1.0" encoding="UTF-8"?>
<!-- Generated by org.testng.reporters.JUnitReportReporter -->
<testsuite skipped="0" hostname="LAPTOP-UK7PKGHG" name="testNGParaller.ParallelCheck" tests="3" failures="0" timestamp="07 Jun 2020 05:57:44 GMT" time="0.040" errors="0">
  <testcase name="sub" time="0.005" classname="testNGParaller.ParallelCheck"/>
  <testcase name="mul" time="0.003" classname="testNGParaller.ParallelCheck"/>
  <testcase name="add" time="0.032" classname="testNGParaller.ParallelCheck"/>
</testsuite> <!-- testNGParaller.ParallelCheck -->
