<?xml version="1.0" encoding="UTF-8"?>
<!-- Generated by org.testng.reporters.JUnitReportReporter -->
<testsuite skipped="0" hostname="LAPTOP-UK7PKGHG" name="testngAnnotation.TestNGReport" tests="2" failures="0" timestamp="06 Jun 2020 07:13:22 GMT" time="0.025" errors="0">
  <testcase name="one" time="0.021" classname="testngAnnotation.TestNGReport"/>
  <testcase name="two" time="0.004" classname="testngAnnotation.TestNGReport"/>
</testsuite> <!-- testngAnnotation.TestNGReport -->
