<?xml version="1.0" encoding="UTF-8"?>
<!-- Generated by org.testng.reporters.JUnitReportReporter -->
<testsuite skipped="0" hostname="LAPTOP-UK7PKGHG" name="testngMul.FirstTestNG2" tests="3" failures="0" timestamp="06 Jun 2020 07:33:47 GMT" time="0.008" errors="0">
  <testcase name="two" time="0.002" classname="testngMul.FirstTestNG2"/>
  <testcase name="one" time="0.004" classname="testngMul.FirstTestNG2"/>
  <testcase name="first" time="0.002" classname="testngMul.FirstTestNG2"/>
</testsuite> <!-- testngMul.FirstTestNG2 -->
