<?xml version="1.0" encoding="UTF-8"?>
<!-- Generated by org.testng.reporters.JUnitReportReporter -->
<testsuite skipped="0" hostname="LAPTOP-UK7PKGHG" name="testngMul.FirstTestNG" tests="1" failures="0" timestamp="06 Jun 2020 07:33:47 GMT" time="0.003" errors="0">
  <testcase name="testcaseone" time="0.003" classname="testngMul.FirstTestNG"/>
</testsuite> <!-- testngMul.FirstTestNG -->
