<?xml version="1.0" encoding="UTF-8"?>
<!-- Generated by org.testng.reporters.JUnitReportReporter -->
<testsuite skipped="0" hostname="LAPTOP-UK7PKGHG" name="testNGParaller.ExtentReportDemo" tests="1" failures="0" timestamp="07 Jun 2020 06:41:08 GMT" time="10.065" errors="0">
  <testcase name="extentcheck" time="10.065" classname="testNGParaller.ExtentReportDemo"/>
</testsuite> <!-- testNGParaller.ExtentReportDemo -->
