<?xml version="1.0" encoding="UTF-8"?>
<!-- Generated by org.testng.reporters.JUnitReportReporter -->
<testsuite skipped="0" hostname="LAPTOP-UK7PKGHG" name="testNGOne.FirstTestNG3" tests="4" failures="0" timestamp="06 Jun 2020 05:42:55 GMT" time="0.048" errors="0">
  <testcase name="afirst" time="0.038" classname="testNGOne.FirstTestNG3"/>
  <testcase name="one" time="0.002" classname="testNGOne.FirstTestNG3"/>
  <testcase name="two" time="0.004" classname="testNGOne.FirstTestNG3"/>
  <testcase name="first" time="0.004" classname="testNGOne.FirstTestNG3"/>
</testsuite> <!-- testNGOne.FirstTestNG3 -->
