<?xml version="1.0" encoding="UTF-8"?>
<!-- Generated by org.testng.reporters.JUnitReportReporter -->
<testsuite skipped="0" hostname="LAPTOP-UK7PKGHG" name="testNGOne.FirstTestNG" tests="1" failures="0" timestamp="06 Jun 2020 05:36:23 GMT" time="19.178" errors="0">
  <testcase name="testcaseone" time="19.178" classname="testNGOne.FirstTestNG"/>
</testsuite> <!-- testNGOne.FirstTestNG -->
