<?xml version="1.0" encoding="UTF-8"?>
<!-- Generated by org.testng.reporters.JUnitReportReporter -->
<testsuite skipped="0" hostname="LAPTOP-UK7PKGHG" name="testngAnnotation.Annotation3" tests="2" failures="0" timestamp="06 Jun 2020 06:40:53 GMT" time="0.014" errors="0">
  <testcase name="two" time="0.009" classname="testngAnnotation.Annotation3"/>
  <testcase name="one" time="0.005" classname="testngAnnotation.Annotation3"/>
</testsuite> <!-- testngAnnotation.Annotation3 -->
