<?xml version="1.0" encoding="UTF-8"?>
<!-- Generated by org.testng.reporters.JUnitReportReporter -->
<testsuite skipped="0" hostname="LAPTOP-UK7PKGHG" name="testngAnnotation.DataProvDemo" tests="2" failures="0" timestamp="06 Jun 2020 07:45:43 GMT" time="0.010" errors="0">
  <testcase name="one" time="0.001" classname="testngAnnotation.DataProvDemo"/>
  <testcase name="one" time="0.009" classname="testngAnnotation.DataProvDemo"/>
</testsuite> <!-- testngAnnotation.DataProvDemo -->
