<?xml version="1.0" encoding="UTF-8"?>
<!-- Generated by org.testng.reporters.JUnitReportReporter -->
<testsuite skipped="0" hostname="LAPTOP-UK7PKGHG" name="testNGOne.FirstTestNG11" tests="4" failures="0" timestamp="06 Jun 2020 06:13:28 GMT" time="0.024" errors="0">
  <testcase name="Aa" time="0.015" classname="testNGOne.FirstTestNG11"/>
  <testcase name="Ab" time="0.004" classname="testNGOne.FirstTestNG11"/>
  <testcase name="c" time="0.002" classname="testNGOne.FirstTestNG11"/>
  <testcase name="B" time="0.003" classname="testNGOne.FirstTestNG11"/>
</testsuite> <!-- testNGOne.FirstTestNG11 -->
