<?xml version="1.0" encoding="UTF-8"?>
<!-- Generated by org.testng.reporters.JUnitReportReporter -->
<testsuite skipped="0" hostname="LAPTOP-UK7PKGHG" name="testNGOne.FirstTestNG12" tests="4" failures="0" timestamp="06 Jun 2020 06:15:42 GMT" time="0.019" errors="0">
  <testcase name="Aa" time="0.012" classname="testNGOne.FirstTestNG12"/>
  <testcase name="zb" time="0.003" classname="testNGOne.FirstTestNG12"/>
  <testcase name="c" time="0.001" classname="testNGOne.FirstTestNG12"/>
  <testcase name="B" time="0.003" classname="testNGOne.FirstTestNG12"/>
</testsuite> <!-- testNGOne.FirstTestNG12 -->
