<?xml version="1.0" encoding="UTF-8"?>
<!-- Generated by org.testng.reporters.JUnitReportReporter -->
<testsuite skipped="0" hostname="LAPTOP-UK7PKGHG" name="testNGOne.FirstTestNG4" tests="3" failures="0" timestamp="06 Jun 2020 05:44:57 GMT" time="0.023" errors="0">
  <testcase name="tc_checktitile" time="0.017" classname="testNGOne.FirstTestNG4"/>
  <testcase name="tc_verifylogin" time="0.004" classname="testNGOne.FirstTestNG4"/>
  <testcase name="tc_recharemob" time="0.002" classname="testNGOne.FirstTestNG4"/>
</testsuite> <!-- testNGOne.FirstTestNG4 -->
