<?xml version="1.0" encoding="UTF-8"?>
<!-- Generated by org.testng.reporters.JUnitReportReporter -->
<testsuite skipped="0" hostname="LAPTOP-UK7PKGHG" name="advanceSelenium.AutoItDemo" tests="1" failures="0" timestamp="13 Jun 2020 07:43:11 GMT" time="14.994" errors="0">
  <testcase name="uploadfile" time="14.994" classname="advanceSelenium.AutoItDemo"/>
</testsuite> <!-- advanceSelenium.AutoItDemo -->
