<?xml version="1.0" encoding="UTF-8"?>
<!-- Generated by org.testng.reporters.JUnitReportReporter -->
<testsuite skipped="0" hostname="LAPTOP-UK7PKGHG" name="testngAnnotation.Annotation5" tests="3" failures="0" timestamp="06 Jun 2020 06:45:55 GMT" time="0.013" errors="0">
  <testcase name="two" time="0.002" classname="testngAnnotation.Annotation5"/>
  <testcase name="one" time="0.008" classname="testngAnnotation.Annotation5"/>
  <testcase name="three" time="0.003" classname="testngAnnotation.Annotation5"/>
</testsuite> <!-- testngAnnotation.Annotation5 -->
