<?xml version="1.0" encoding="UTF-8"?>
<!-- Generated by org.testng.reporters.JUnitReportReporter -->
<testsuite skipped="0" hostname="LAPTOP-UK7PKGHG" name="testngAnnotation.TestNGDependent" tests="3" failures="0" timestamp="06 Jun 2020 07:21:19 GMT" time="0.018" errors="0">
  <testcase name="login" time="0.013" classname="testngAnnotation.TestNGDependent"/>
  <testcase name="buymobile" time="0.003" classname="testngAnnotation.TestNGDependent"/>
  <testcase name="three" time="0.002" classname="testngAnnotation.TestNGDependent"/>
</testsuite> <!-- testngAnnotation.TestNGDependent -->
