<?xml version="1.0" encoding="UTF-8"?>
<!-- Generated by org.testng.reporters.JUnitReportReporter -->
<testsuite skipped="0" hostname="LAPTOP-UK7PKGHG" name="testNGOne.FirstTestNG10" tests="4" failures="0" timestamp="06 Jun 2020 06:12:01 GMT" time="0.031" errors="0">
  <testcase name="Aa" time="0.024" classname="testNGOne.FirstTestNG10"/>
  <testcase name="Ab" time="0.003" classname="testNGOne.FirstTestNG10"/>
  <testcase name="c" time="0.002" classname="testNGOne.FirstTestNG10"/>
  <testcase name="B" time="0.002" classname="testNGOne.FirstTestNG10"/>
</testsuite> <!-- testNGOne.FirstTestNG10 -->
