<?xml version="1.0" encoding="UTF-8"?>
<!-- Generated by org.testng.reporters.JUnitReportReporter -->
<testsuite hostname="LAPTOP-UK7PKGHG" name="jenkinDemo.FirstTestNG" tests="1" failures="0" timestamp="13 Jun 2020 05:59:13 GMT" time="0.022" errors="0">
  <testcase name="testcaseone" time="0.022" classname="jenkinDemo.FirstTestNG"/>
</testsuite> <!-- jenkinDemo.FirstTestNG -->
