<?xml version="1.0" encoding="UTF-8"?>
<!-- Generated by org.testng.reporters.JUnitReportReporter -->
<testsuite skipped="0" hostname="LAPTOP-UK7PKGHG" name="testNGOne.FirstTestNG8" tests="3" failures="0" timestamp="06 Jun 2020 05:55:11 GMT" time="0.041" errors="0">
  <testcase name="B" time="0.029" classname="testNGOne.FirstTestNG8"/>
  <testcase name="C" time="0.004" classname="testNGOne.FirstTestNG8"/>
  <testcase name="A" time="0.008" classname="testNGOne.FirstTestNG8"/>
</testsuite> <!-- testNGOne.FirstTestNG8 -->
