<?xml version="1.0" encoding="UTF-8"?>
<!-- Generated by org.testng.reporters.JUnitReportReporter -->
<testsuite skipped="1" hostname="LAPTOP-UK7PKGHG" name="testngAnnotation.TestNGSkip2" tests="3" failures="0" timestamp="06 Jun 2020 07:16:36 GMT" time="0.019" errors="0">
  <testcase name="two" time="0.001" classname="testngAnnotation.TestNGSkip2"/>
  <testcase name="one" time="0.016" classname="testngAnnotation.TestNGSkip2"/>
  <testcase name="three" time="0.002" classname="testngAnnotation.TestNGSkip2">
    <skipped/>
  </testcase> <!-- three -->
</testsuite> <!-- testngAnnotation.TestNGSkip2 -->
