<?xml version="1.0" encoding="UTF-8"?>
<!-- Generated by org.testng.reporters.JUnitReportReporter -->
<testsuite skipped="0" hostname="LAPTOP-UK7PKGHG" name="pagesOnlyTC.TC_loginpage" tests="1" failures="0" timestamp="07 Jun 2020 07:06:46 GMT" time="19.740" errors="0">
  <testcase name="verifylogin" time="19.740" classname="pagesOnlyTC.TC_loginpage"/>
</testsuite> <!-- pagesOnlyTC.TC_loginpage -->
