<?xml version="1.0" encoding="UTF-8"?>
<!-- Generated by org.testng.reporters.JUnitReportReporter -->
<testsuite skipped="0" hostname="LAPTOP-UK7PKGHG" name="testNGOne.FirstTestNG2" tests="3" failures="0" timestamp="06 Jun 2020 05:41:05 GMT" time="0.030" errors="0">
  <testcase name="first" time="0.024" classname="testNGOne.FirstTestNG2"/>
  <testcase name="two" time="0.002" classname="testNGOne.FirstTestNG2"/>
  <testcase name="one" time="0.004" classname="testNGOne.FirstTestNG2"/>
</testsuite> <!-- testNGOne.FirstTestNG2 -->
