<?xml version="1.0" encoding="UTF-8"?>
<!-- Generated by org.testng.reporters.JUnitReportReporter -->
<testsuite skipped="0" hostname="LAPTOP-UK7PKGHG" name="testngAnnotation.Annotation2" tests="1" failures="0" timestamp="06 Jun 2020 06:36:03 GMT" time="0.007" errors="0">
  <testcase name="one" time="0.007" classname="testngAnnotation.Annotation2"/>
</testsuite> <!-- testngAnnotation.Annotation2 -->
