<?xml version="1.0" encoding="UTF-8"?>
<!-- Generated by org.testng.reporters.JUnitReportReporter -->
<testsuite skipped="0" hostname="LAPTOP-UK7PKGHG" name="testNGOne.FirstTestNG7" tests="3" failures="0" timestamp="06 Jun 2020 05:51:09 GMT" time="0.019" errors="0">
  <testcase name="C" time="0.015" classname="testNGOne.FirstTestNG7"/>
  <testcase name="A" time="0.002" classname="testNGOne.FirstTestNG7"/>
  <testcase name="B" time="0.002" classname="testNGOne.FirstTestNG7"/>
</testsuite> <!-- testNGOne.FirstTestNG7 -->
