<?xml version="1.0" encoding="UTF-8"?>
<!-- Generated by org.testng.reporters.JUnitReportReporter -->
<testsuite skipped="0" hostname="LAPTOP-UK7PKGHG" name="testNGOne.FirstTestNG9" tests="3" failures="0" timestamp="06 Jun 2020 05:57:35 GMT" time="0.032" errors="0">
  <testcase name="A" time="0.026" classname="testNGOne.FirstTestNG9"/>
  <testcase name="smallwith123" time="0.003" classname="testNGOne.FirstTestNG9"/>
  <testcase name="B" time="0.003" classname="testNGOne.FirstTestNG9"/>
</testsuite> <!-- testNGOne.FirstTestNG9 -->
