<?xml version="1.0" encoding="UTF-8"?>
<!-- Generated by org.testng.reporters.JUnitReportReporter -->
<testsuite skipped="0" hostname="LAPTOP-UK7PKGHG" name="testNGOne.FirstTestNG13" tests="4" failures="0" timestamp="06 Jun 2020 06:20:21 GMT" time="0.023" errors="0">
  <testcase name="B" time="0.017" classname="testNGOne.FirstTestNG13"/>
  <testcase name="zb" time="0.002" classname="testNGOne.FirstTestNG13"/>
  <testcase name="Aa" time="0.002" classname="testNGOne.FirstTestNG13"/>
  <testcase name="c" time="0.002" classname="testNGOne.FirstTestNG13"/>
</testsuite> <!-- testNGOne.FirstTestNG13 -->
