<?xml version="1.0" encoding="UTF-8"?>
<!-- Generated by org.testng.reporters.JUnitReportReporter -->
<testsuite hostname="LAPTOP-UK7PKGHG" name="jenkinDemo.FirstTestNG2" tests="3" failures="0" timestamp="13 Jun 2020 05:59:13 GMT" time="0.000" errors="0">
  <testcase name="two" time="0.000" classname="jenkinDemo.FirstTestNG2"/>
  <testcase name="one" time="0.000" classname="jenkinDemo.FirstTestNG2"/>
  <testcase name="first" time="0.000" classname="jenkinDemo.FirstTestNG2"/>
</testsuite> <!-- jenkinDemo.FirstTestNG2 -->
