<?xml version="1.0" encoding="UTF-8"?>
<!-- Generated by org.testng.reporters.JUnitReportReporter -->
<testsuite skipped="0" hostname="LAPTOP-UK7PKGHG" name="testNGIncludeEx.IncludeExclude" tests="3" failures="0" timestamp="07 Jun 2020 05:22:30 GMT" time="0.033" errors="0">
  <testcase name="test2" time="0.026" classname="testNGIncludeEx.IncludeExclude"/>
  <testcase name="test4" time="0.002" classname="testNGIncludeEx.IncludeExclude"/>
  <testcase name="test3" time="0.005" classname="testNGIncludeEx.IncludeExclude"/>
</testsuite> <!-- testNGIncludeEx.IncludeExclude -->
